# JRE version: OpenJDK Runtime Environment Temurin-17.0.6+10 (17.0.6+10) (build 17.0.6+10)
# Java VM: OpenJDK 64-Bit Server VM Temurin-17.0.6+10 (17.0.6+10, mixed mode, emulated-client, tiered, compressed oops, compressed class ptrs, g1 gc, windows-amd64)
GC Precious Log:
 CPUs: 12 total, 12 available
 Memory: 7502M
 Large Page Support: Disabled
 NUMA Support: Disabled
 Compressed Oops: Enabled (32-bit)
 Heap Region Size: 1M
 Heap Min Capacity: 8M
 Heap Initial Capacity: 118M
 Heap Max Capacity: 1876M
 Pre-touch: Disabled
 Parallel Workers: 10
 Concurrent Workers: 3
 Concurrent Refinement Workers: 10
 Periodic GC: Disabled
Heap:
 garbage-first heap   total 90112K, used 69949K [0x000000008ac00000, 0x0000000100000000)
  region size 1024K, 47 young (48128K), 5 survivors (5120K)
 Metaspace       used 63543K, committed 64000K, reserved 1105920K
  class space    used 8752K, committed 8960K, reserved 1048576K
GC Heap History (20 events):
Event: 1.019 GC heap after
{Heap after GC invocations=5 (full 0):
 garbage-first heap   total 40960K, used 10080K [0x000000008ac00000, 0x0000000100000000)
  region size 1024K, 1 young (1024K), 1 survivors (1024K)
 Metaspace       used 26079K, committed 26368K, reserved 1073152K
  class space    used 3134K, committed 3264K, reserved 1048576K
}
Event: 1.142 GC heap before
{Heap before GC invocations=5 (full 0):
 garbage-first heap   total 40960K, used 27488K [0x000000008ac00000, 0x0000000100000000)
  region size 1024K, 18 young (18432K), 1 survivors (1024K)
 Metaspace       used 28899K, committed 29184K, reserved 1081344K
  class space    used 3523K, committed 3648K, reserved 1048576K
}
Event: 1.143 GC heap after
{Heap after GC invocations=6 (full 0):
 garbage-first heap   total 40960K, used 11342K [0x000000008ac00000, 0x0000000100000000)
  region size 1024K, 2 young (2048K), 2 survivors (2048K)
 Metaspace       used 28899K, committed 29184K, reserved 1081344K
  class space    used 3523K, committed 3648K, reserved 1048576K
}
Event: 1.260 GC heap before
{Heap before GC invocations=6 (full 0):
 garbage-first heap   total 40960K, used 27726K [0x000000008ac00000, 0x0000000100000000)
  region size 1024K, 19 young (19456K), 2 survivors (2048K)
 Metaspace       used 29502K, committed 29824K, reserved 1081344K
  class space    used 3620K, committed 3776K, reserved 1048576K
}
Event: 1.264 GC heap after
{Heap after GC invocations=7 (full 0):
 garbage-first heap   total 80896K, used 12711K [0x000000008ac00000, 0x0000000100000000)
  region size 1024K, 3 young (3072K), 3 survivors (3072K)
 Metaspace       used 29502K, committed 29824K, reserved 1081344K
  class space    used 3620K, committed 3776K, reserved 1048576K
}
Event: 1.779 GC heap before
{Heap before GC invocations=7 (full 0):
 garbage-first heap   total 80896K, used 53671K [0x000000008ac00000, 0x0000000100000000)
  region size 1024K, 43 young (44032K), 3 survivors (3072K)
 Metaspace       used 34038K, committed 34368K, reserved 1081344K
  class space    used 4304K, committed 4416K, reserved 1048576K
}
Event: 1.787 GC heap after
{Heap after GC invocations=8 (full 0):
 garbage-first heap   total 80896K, used 15872K [0x000000008ac00000, 0x0000000100000000)
  region size 1024K, 6 young (6144K), 6 survivors (6144K)
 Metaspace       used 34038K, committed 34368K, reserved 1081344K
  class space    used 4304K, committed 4416K, reserved 1048576K
}
Event: 1.950 GC heap before
{Heap before GC invocations=8 (full 0):
 garbage-first heap   total 80896K, used 27136K [0x000000008ac00000, 0x0000000100000000)
  region size 1024K, 18 young (18432K), 6 survivors (6144K)
 Metaspace       used 35642K, committed 35968K, reserved 1081344K
  class space    used 4536K, committed 4672K, reserved 1048576K
}
Event: 1.959 GC heap after
{Heap after GC invocations=9 (full 0):
 garbage-first heap   total 80896K, used 17222K [0x000000008ac00000, 0x0000000100000000)
  region size 1024K, 2 young (2048K), 2 survivors (2048K)
 Metaspace       used 35642K, committed 35968K, reserved 1081344K
  class space    used 4536K, committed 4672K, reserved 1048576K
}
Event: 2.628 GC heap before
{Heap before GC invocations=10 (full 0):
 garbage-first heap   total 65536K, used 54086K [0x000000008ac00000, 0x0000000100000000)
  region size 1024K, 40 young (40960K), 2 survivors (2048K)
 Metaspace       used 42840K, committed 43264K, reserved 1089536K
  class space    used 5602K, committed 5824K, reserved 1048576K
}
Event: 2.631 GC heap after
{Heap after GC invocations=11 (full 0):
 garbage-first heap   total 65536K, used 19798K [0x000000008ac00000, 0x0000000100000000)
  region size 1024K, 4 young (4096K), 4 survivors (4096K)
 Metaspace       used 42840K, committed 43264K, reserved 1089536K
  class space    used 5602K, committed 5824K, reserved 1048576K
}
Event: 2.656 GC heap before
{Heap before GC invocations=11 (full 0):
 garbage-first heap   total 65536K, used 20822K [0x000000008ac00000, 0x0000000100000000)
  region size 1024K, 5 young (5120K), 4 survivors (4096K)
 Metaspace       used 43179K, committed 43584K, reserved 1089536K
  class space    used 5682K, committed 5888K, reserved 1048576K
}
Event: 2.658 GC heap after
{Heap after GC invocations=12 (full 0):
 garbage-first heap   total 65536K, used 20444K [0x000000008ac00000, 0x0000000100000000)
  region size 1024K, 1 young (1024K), 1 survivors (1024K)
 Metaspace       used 43179K, committed 43584K, reserved 1089536K
  class space    used 5682K, committed 5888K, reserved 1048576K
}
Event: 3.291 GC heap before
{Heap before GC invocations=12 (full 0):
 garbage-first heap   total 65536K, used 47068K [0x000000008ac00000, 0x0000000100000000)
  region size 1024K, 28 young (28672K), 1 survivors (1024K)
 Metaspace       used 50009K, committed 50368K, reserved 1097728K
  class space    used 6632K, committed 6784K, reserved 1048576K
}
Event: 3.294 GC heap after
{Heap after GC invocations=13 (full 0):
 garbage-first heap   total 90112K, used 22234K [0x000000008ac00000, 0x0000000100000000)
  region size 1024K, 3 young (3072K), 3 survivors (3072K)
 Metaspace       used 50009K, committed 50368K, reserved 1097728K
  class space    used 6632K, committed 6784K, reserved 1048576K
}
Event: 4.084 GC heap before
{Heap before GC invocations=13 (full 0):
 garbage-first heap   total 90112K, used 67290K [0x000000008ac00000, 0x0000000100000000)
  region size 1024K, 47 young (48128K), 3 survivors (3072K)
 Metaspace       used 57096K, committed 57472K, reserved 1105920K
  class space    used 7750K, committed 7936K, reserved 1048576K
}
Event: 4.088 GC heap after
{Heap after GC invocations=14 (full 0):
 garbage-first heap   total 90112K, used 24880K [0x000000008ac00000, 0x0000000100000000)
  region size 1024K, 5 young (5120K), 5 survivors (5120K)
 Metaspace       used 57096K, committed 57472K, reserved 1105920K
  class space    used 7750K, committed 7936K, reserved 1048576K
}
Event: 4.347 GC heap before
{Heap before GC invocations=14 (full 0):
 garbage-first heap   total 90112K, used 47408K [0x000000008ac00000, 0x0000000100000000)
  region size 1024K, 28 young (28672K), 5 survivors (5120K)
 Metaspace       used 59887K, committed 60288K, reserved 1105920K
  class space    used 8167K, committed 8384K, reserved 1048576K
}
Event: 4.352 GC heap after
{Heap after GC invocations=15 (full 0):
 garbage-first heap   total 90112K, used 26958K [0x000000008ac00000, 0x0000000100000000)
  region size 1024K, 5 young (5120K), 5 survivors (5120K)
 Metaspace       used 59887K, committed 60288K, reserved 1105920K
  class space    used 8167K, committed 8384K, reserved 1048576K
}
Event: 19.531 GC heap before
{Heap before GC invocations=16 (full 0):
 garbage-first heap   total 90112K, used 68942K [0x000000008ac00000, 0x0000000100000000)
  region size 1024K, 47 young (48128K), 5 survivors (5120K)
 Metaspace       used 63543K, committed 64000K, reserved 1105920K
  class space    used 8752K, committed 8960K, reserved 1048576K
}

